<?xml version="1.0" encoding="UTF-8"?>
<!-- Generated by org.testng.reporters.JUnitXMLReporter -->
<testsuite hostname="2112-6F1X9G3" ignored="2" name="Default test" tests="2" failures="0" timestamp="2022-05-23T14:55:29 MESZ" time="0.042" errors="0">
  <testcase name="@BeforeSuite createSession" time="-1.65331052909E9" classname="piTestFramework.PageBase">
    <failure type="org.testng.TestNGException" message="
Parameter &amp;apos;path&amp;apos; is required by BeforeSuite on method createSession but has not been marked @Optional or defined
in C:\Users\vv.karumanassery\AppData\Local\Temp\testng-eclipse--2054875683\testng-customsuite.xml">
      <![CDATA[org.testng.TestNGException: 
Parameter 'path' is required by BeforeSuite on method createSession but has not been marked @Optional or defined
in C:\Users\vv.karumanassery\AppData\Local\Temp\testng-eclipse--2054875683\testng-customsuite.xml
at org.testng.internal.Parameters.createParams(Parameters.java:270)
at org.testng.internal.Parameters.createParametersForMethod(Parameters.java:358)
at org.testng.internal.Parameters.createParameters(Parameters.java:700)
at org.testng.internal.Parameters.createConfigurationParameters(Parameters.java:168)
at org.testng.internal.ConfigInvoker.invokeConfigurations(ConfigInvoker.java:302)
at org.testng.SuiteRunner.privateRun(SuiteRunner.java:317)
at org.testng.SuiteRunner.run(SuiteRunner.java:276)
at org.testng.SuiteRunnerWorker.runSuite(SuiteRunnerWorker.java:53)
at org.testng.SuiteRunnerWorker.run(SuiteRunnerWorker.java:96)
at org.testng.TestNG.runSuitesSequentially(TestNG.java:1212)
at org.testng.TestNG.runSuitesLocally(TestNG.java:1134)
at org.testng.TestNG.runSuites(TestNG.java:1063)
at org.testng.TestNG.run(TestNG.java:1031)
at org.testng.remote.AbstractRemoteTestNG.run(AbstractRemoteTestNG.java:115)
at org.testng.remote.RemoteTestNG.initAndRun(RemoteTestNG.java:251)
at org.testng.remote.RemoteTestNG.main(RemoteTestNG.java:77)
]]>
    </failure>
  </testcase> <!-- @BeforeSuite createSession -->
  <testcase name="provideLoggedInApplicationInstance" time="0.0" classname="piTestFramework.LoginPage">
    <skipped/>
  </testcase> <!-- provideLoggedInApplicationInstance -->
  <testcase name="testWebMapFilterOptions" time="0.0" classname="piSoftwares.peak.modulewise.WebMapPage">
    <skipped/>
  </testcase> <!-- testWebMapFilterOptions -->
  <testcase name="@AfterSuite closeSession" time="0.0" classname="piTestFramework.PageBase">
    <ignored/>
  </testcase> <!-- @AfterSuite closeSession -->
  <testcase name="@BeforeSuite createSession" time="0.0" classname="piTestFramework.PageBase">
    <ignored/>
  </testcase> <!-- @BeforeSuite createSession -->
</testsuite> <!-- Default test -->
